<?xml version="1.0" encoding="UTF-8"?>
<!-- Generated by org.testng.reporters.JUnitXMLReporter -->
<testsuite ignored="11" hostname="DESKTOP-F5D0N14" failures="1" tests="1" name="Default test" time="8.268" errors="0" timestamp="2023-11-03T12:50:48 IST">
  <testcase classname="com.testcases.End_End_Functionality_Test" name="End_End_Functionality_verifyLogin" time="3.457">
    <failure type="java.lang.NullPointerException" message="Cannot invoke &amp;quot;org.openqa.selenium.JavascriptExecutor.executeScript(String, Object[])&amp;quot; because &amp;quot;jsExecutor&amp;quot; is null">
      <![CDATA[java.lang.NullPointerException: Cannot invoke "org.openqa.selenium.JavascriptExecutor.executeScript(String, Object[])" because "jsExecutor" is null
at com.utils.utils.scroll(utils.java:125)
at com.pageobjects.End_End_Functionality.Register_Actions(End_End_Functionality.java:189)
at com.testcases.End_End_Functionality_Test.End_End_Functionality_verifyLogin(End_End_Functionality_Test.java:36)
at java.base/jdk.internal.reflect.NativeMethodAccessorImpl.invoke0(Native Method)
at java.base/jdk.internal.reflect.NativeMethodAccessorImpl.invoke(NativeMethodAccessorImpl.java:77)
at java.base/jdk.internal.reflect.DelegatingMethodAccessorImpl.invoke(DelegatingMethodAccessorImpl.java:43)
at java.base/java.lang.reflect.Method.invoke(Method.java:568)
at org.testng.internal.invokers.MethodInvocationHelper.invokeMethod(MethodInvocationHelper.java:139)
at org.testng.internal.invokers.TestInvoker.invokeMethod(TestInvoker.java:664)
at org.testng.internal.invokers.TestInvoker.invokeTestMethod(TestInvoker.java:227)
at org.testng.internal.invokers.MethodRunner.runInSequence(MethodRunner.java:50)
at org.testng.internal.invokers.TestInvoker$MethodInvocationAgent.invoke(TestInvoker.java:957)
at org.testng.internal.invokers.TestInvoker.invokeTestMethods(TestInvoker.java:200)
at org.testng.internal.invokers.TestMethodWorker.invokeTestMethods(TestMethodWorker.java:148)
at org.testng.internal.invokers.TestMethodWorker.run(TestMethodWorker.java:128)
at java.base/java.util.ArrayList.forEach(ArrayList.java:1511)
at org.testng.TestRunner.privateRun(TestRunner.java:848)
at org.testng.TestRunner.run(TestRunner.java:621)
at org.testng.SuiteRunner.runTest(SuiteRunner.java:443)
at org.testng.SuiteRunner.runSequentially(SuiteRunner.java:437)
at org.testng.SuiteRunner.privateRun(SuiteRunner.java:397)
at org.testng.SuiteRunner.run(SuiteRunner.java:336)
at org.testng.SuiteRunnerWorker.runSuite(SuiteRunnerWorker.java:52)
at org.testng.SuiteRunnerWorker.run(SuiteRunnerWorker.java:95)
at org.testng.TestNG.runSuitesSequentially(TestNG.java:1280)
at org.testng.TestNG.runSuitesLocally(TestNG.java:1200)
at org.testng.TestNG.runSuites(TestNG.java:1114)
at org.testng.TestNG.run(TestNG.java:1082)
at org.testng.remote.AbstractRemoteTestNG.run(AbstractRemoteTestNG.java:115)
at org.testng.remote.RemoteTestNG.initAndRun(RemoteTestNG.java:251)
at org.testng.remote.RemoteTestNG.main(RemoteTestNG.java:77)
]]>
    </failure>
  </testcase> <!-- End_End_Functionality_verifyLogin -->
  <testcase classname="com.testcases.End_End_Functionality_Test" name="End_End_Functionality_verifyproductslect" time="0.0">
    <ignored/>
  </testcase> <!-- End_End_Functionality_verifyproductslect -->
  <testcase classname="com.testcases.End_End_Functionality_Test" name="End_End_Functionality_verifySelectCustomer" time="0.0">
    <ignored/>
  </testcase> <!-- End_End_Functionality_verifySelectCustomer -->
  <testcase classname="com.testcases.End_End_Functionality_Test" name="End_End_Functionality_verifyCreateQuote" time="0.0">
    <ignored/>
  </testcase> <!-- End_End_Functionality_verifyCreateQuote -->
  <testcase classname="com.testcases.End_End_Functionality_Test" name="End_End_Functionality_verifyAll_Categoriesbutton" time="0.0">
    <ignored/>
  </testcase> <!-- End_End_Functionality_verifyAll_Categoriesbutton -->
  <testcase classname="com.testcases.End_End_Functionality_Test" name="End_End_Functionality_verifyAddToCart" time="0.0">
    <ignored/>
  </testcase> <!-- End_End_Functionality_verifyAddToCart -->
  <testcase classname="com.testcases.End_End_Functionality_Test" name="End_End_Functionality_verifySubmitPayment" time="0.0">
    <ignored/>
  </testcase> <!-- End_End_Functionality_verifySubmitPayment -->
  <testcase classname="com.testcases.End_End_Functionality_Test" name="End_End_Functionality_verifySearch" time="0.0">
    <ignored/>
  </testcase> <!-- End_End_Functionality_verifySearch -->
  <testcase classname="com.testcases.End_End_Functionality_Test" name="End_End_Functionality_verifyclickname" time="0.0">
    <ignored/>
  </testcase> <!-- End_End_Functionality_verifyclickname -->
  <testcase classname="com.testcases.End_End_Functionality_Test" name="End_End_Functionality_verifyRegister" time="0.0">
    <ignored/>
  </testcase> <!-- End_End_Functionality_verifyRegister -->
  <testcase classname="com.testcases.End_End_Functionality_Test" name="End_End_Functionality_verifyLogout" time="0.0">
    <ignored/>
  </testcase> <!-- End_End_Functionality_verifyLogout -->
  <testcase classname="com.testcases.End_End_Functionality_Test" name="End_End_Functionality_verifyAdminpanelLogin" time="0.0">
    <ignored/>
  </testcase> <!-- End_End_Functionality_verifyAdminpanelLogin -->
</testsuite> <!-- Default test -->
