<?xml version="1.0" encoding="UTF-8"?>
<!-- Generated by org.testng.reporters.JUnitXMLReporter -->
<testsuite ignored="0" hostname="DESKTOP-F5D0N14" failures="1" tests="1" name="Test" time="26.722" errors="0" timestamp="2023-11-07T16:37:15 IST">
  <testcase classname="com.testcases.Stock_Move_Functionality_Test" name="Stockmovevalidation" time="4.696">
    <failure type="java.lang.Error" message="Unresolved compilation problem: 
	lqtymoving cannot be resolved
">
      <![CDATA[java.lang.Error: Unresolved compilation problem: 
lqtymoving cannot be resolved

at com.pageobjects.Stock_move_Functionality.Stockmoveverify(Stock_move_Functionality.java:116)
at com.testcases.Stock_Move_Functionality_Test.Stockmovevalidation(Stock_Move_Functionality_Test.java:48)
at java.base/java.util.ArrayList.forEach(ArrayList.java:1511)
... Removed 27 stack frames]]>
    </failure>
  </testcase> <!-- Stockmovevalidation -->
</testsuite> <!-- Test -->
